10/29/23 05:46:10 PM --> ERROR : Error : Username q dont Exist!!!
10/29/23 05:46:12 PM --> ERROR : Error : Username q dont Exist!!!
10/29/23 05:46:12 PM --> ERROR : Error : Username q dont Exist!!!
10/29/23 05:48:04 PM --> ERROR : Error : Username karan123 dont Exist!!!
10/29/23 05:48:04 PM --> ERROR : Error : Username karan123 dont Exist!!!
10/29/23 05:48:04 PM --> ERROR : Error : Username karan123 dont Exist!!!
10/29/23 05:48:08 PM --> INFO : Username karan324 has Successfully LoggedIn 
10/29/23 05:49:15 PM --> INFO : Username patel123 has Successfully LoggedIn 
10/29/23 06:46:58 PM --> ERROR : Error : Username q dont Exist!!!
10/29/23 06:48:24 PM --> ERROR : Error : Username q dont Exist!!!
10/29/23 06:48:24 PM --> ERROR : Error : Username q dont Exist!!!
10/29/23 06:48:25 PM --> ERROR : Error : Username q dont Exist!!!
10/29/23 06:48:25 PM --> ERROR : Error : Username q dont Exist!!!
10/29/23 06:48:25 PM --> ERROR : Error : Username q dont Exist!!!
10/29/23 06:51:55 PM --> INFO : Username karan324 has Successfully LoggedIn 
10/29/23 07:21:59 PM --> INFO : Username nisarg123 has Successfully LoggedIn 
10/29/23 07:30:30 PM --> ERROR : Error : Username kais123 dont Exist!!!
10/29/23 07:30:35 PM --> INFO : Username kais321 has Successfully LoggedIn 
10/29/23 07:40:22 PM --> ERROR : Error : Username harit123 dont Exist!!!
10/29/23 07:40:29 PM --> ERROR : Error : Username q dont Exist!!!
10/29/23 07:40:29 PM --> ERROR : Error : Username q dont Exist!!!
10/29/23 07:40:37 PM --> ERROR : Error : Username o dont Exist!!!
10/29/23 07:40:37 PM --> ERROR : Error : Username o dont Exist!!!
10/29/23 07:40:37 PM --> ERROR : Error : Username o dont Exist!!!
10/29/23 07:40:38 PM --> ERROR : Error : Username o dont Exist!!!
10/29/23 07:40:38 PM --> ERROR : Error : Username o dont Exist!!!
10/29/23 07:40:38 PM --> ERROR : Error : Username o dont Exist!!!
10/29/23 07:40:38 PM --> ERROR : Error : Username o dont Exist!!!
10/29/23 07:40:38 PM --> ERROR : Error : Username o dont Exist!!!
10/29/23 07:40:38 PM --> ERROR : Error : Username o dont Exist!!!
10/29/23 07:40:38 PM --> ERROR : Error : Username o dont Exist!!!
10/29/23 07:40:38 PM --> ERROR : Error : Username o dont Exist!!!
10/29/23 07:40:38 PM --> ERROR : Error : Username o dont Exist!!!
10/29/23 07:40:56 PM --> INFO : Username existing_iota has Successfully LoggedIn 
10/29/23 07:41:23 PM --> INFO : Username pinal123 has Successfully LoggedIn 
10/29/23 07:41:23 PM --> INFO : Username pinal123 has Successfully LoggedIn 
10/29/23 07:46:14 PM --> INFO : Username existing_iota has Successfully LoggedIn 
10/29/23 07:49:54 PM --> INFO : Username nisarg123 has Successfully LoggedIn 
10/29/23 07:50:44 PM --> INFO : Username nisarg123 has Successfully LoggedIn 
10/29/23 07:52:51 PM --> ERROR : Error : Username nisarg123 dont Exist!!!
10/29/23 07:52:52 PM --> INFO : Username nisarg123 has Successfully LoggedIn 
10/29/23 07:52:52 PM --> INFO : Username nisarg123 has Successfully LoggedIn 
10/29/23 07:53:43 PM --> ERROR : Error : Username d dont Exist!!!
10/29/23 07:53:43 PM --> ERROR : Error : Username d dont Exist!!!
10/29/23 07:53:46 PM --> ERROR : Error : Username d dont Exist!!!
10/29/23 07:53:46 PM --> ERROR : Error : Username d dont Exist!!!
10/29/23 07:53:46 PM --> ERROR : Error : Username d dont Exist!!!
10/29/23 07:53:47 PM --> ERROR : Error : Username d dont Exist!!!
10/29/23 07:53:47 PM --> ERROR : Error : Username d dont Exist!!!
10/29/23 07:53:47 PM --> ERROR : Error : Username d dont Exist!!!
10/29/23 07:53:47 PM --> ERROR : Error : Username d dont Exist!!!
10/29/23 07:53:49 PM --> ERROR : Error : Username d dont Exist!!!
10/29/23 07:53:49 PM --> ERROR : Error : Username d dont Exist!!!
10/29/23 07:53:49 PM --> ERROR : Error : Username d dont Exist!!!
10/29/23 07:53:49 PM --> ERROR : Error : Username d dont Exist!!!
10/29/23 07:53:49 PM --> ERROR : Error : Username d dont Exist!!!
10/30/23 10:17:08 AM --> INFO : Username karan324 has Successfully LoggedIn 
10/30/23 10:17:55 AM --> INFO : Username existing_iota has Successfully LoggedIn 
10/30/23 10:17:55 AM --> INFO : Username existing_iota has Successfully LoggedIn 
10/30/23 10:18:17 AM --> INFO : Username karan324 has Successfully LoggedIn 
10/30/23 10:18:17 AM --> INFO : Username karan324 has Successfully LoggedIn 
10/30/23 10:18:17 AM --> INFO : Username karan324 has Successfully LoggedIn 
10/30/23 10:28:28 AM --> INFO : Username karan324 has Successfully LoggedIn 
10/30/23 10:28:28 AM --> INFO : Username karan324 has Successfully LoggedIn 
10/30/23 10:28:28 AM --> INFO : Username karan324 has Successfully LoggedIn 
10/30/23 10:28:28 AM --> INFO : Username karan324 has Successfully LoggedIn 
10/30/23 10:28:56 AM --> INFO : Username existing_iota has Successfully LoggedIn 
10/30/23 10:28:56 AM --> INFO : Username existing_iota has Successfully LoggedIn 
10/30/23 10:28:56 AM --> INFO : Username existing_iota has Successfully LoggedIn 
10/30/23 10:28:56 AM --> INFO : Username existing_iota has Successfully LoggedIn 
10/30/23 10:28:56 AM --> INFO : Username existing_iota has Successfully LoggedIn 
10/30/23 10:29:20 AM --> INFO : Username existing_iota has Successfully LoggedIn 
10/30/23 10:29:20 AM --> INFO : Username existing_iota has Successfully LoggedIn 
10/30/23 10:29:20 AM --> INFO : Username existing_iota has Successfully LoggedIn 
10/30/23 10:29:20 AM --> INFO : Username existing_iota has Successfully LoggedIn 
10/30/23 10:29:20 AM --> INFO : Username existing_iota has Successfully LoggedIn 
10/30/23 10:29:20 AM --> INFO : Username existing_iota has Successfully LoggedIn 
10/30/23 10:29:41 AM --> INFO : Username karan324 has Successfully LoggedIn 
10/30/23 10:29:41 AM --> INFO : Username karan324 has Successfully LoggedIn 
10/30/23 10:29:41 AM --> INFO : Username karan324 has Successfully LoggedIn 
10/30/23 10:29:41 AM --> INFO : Username karan324 has Successfully LoggedIn 
10/30/23 10:29:41 AM --> INFO : Username karan324 has Successfully LoggedIn 
10/30/23 10:29:41 AM --> INFO : Username karan324 has Successfully LoggedIn 
10/30/23 10:29:41 AM --> INFO : Username karan324 has Successfully LoggedIn 
10/30/23 10:31:11 AM --> ERROR : Error : Username q dont Exist!!!
10/30/23 10:31:32 AM --> INFO : Username n has Successfully LoggedIn 
10/30/23 10:31:32 AM --> INFO : Username n has Successfully LoggedIn 
10/30/23 10:31:32 AM --> INFO : Username n has Successfully LoggedIn 
10/30/23 10:31:32 AM --> INFO : Username n has Successfully LoggedIn 
10/30/23 10:31:32 AM --> INFO : Username n has Successfully LoggedIn 
10/30/23 10:31:32 AM --> INFO : Username n has Successfully LoggedIn 
10/30/23 10:31:32 AM --> INFO : Username n has Successfully LoggedIn 
10/30/23 10:31:32 AM --> INFO : Username n has Successfully LoggedIn 
10/30/23 10:31:38 AM --> INFO : Username karan324 has Successfully LoggedIn 
10/30/23 10:31:38 AM --> INFO : Username karan324 has Successfully LoggedIn 
10/30/23 10:31:38 AM --> INFO : Username karan324 has Successfully LoggedIn 
10/30/23 10:31:38 AM --> INFO : Username karan324 has Successfully LoggedIn 
10/30/23 10:31:38 AM --> INFO : Username karan324 has Successfully LoggedIn 
10/30/23 10:31:38 AM --> INFO : Username karan324 has Successfully LoggedIn 
10/30/23 10:31:38 AM --> INFO : Username karan324 has Successfully LoggedIn 
10/30/23 10:31:38 AM --> INFO : Username karan324 has Successfully LoggedIn 
10/30/23 10:31:38 AM --> INFO : Username karan324 has Successfully LoggedIn 
10/30/23 10:35:51 AM --> INFO : Username karan324 has Successfully LoggedIn 
10/30/23 10:35:51 AM --> INFO : Username karan324 has Successfully LoggedIn 
10/30/23 10:35:51 AM --> INFO : Username karan324 has Successfully LoggedIn 
10/30/23 10:35:51 AM --> INFO : Username karan324 has Successfully LoggedIn 
10/30/23 10:35:51 AM --> INFO : Username karan324 has Successfully LoggedIn 
10/30/23 10:35:51 AM --> INFO : Username karan324 has Successfully LoggedIn 
10/30/23 10:35:51 AM --> INFO : Username karan324 has Successfully LoggedIn 
10/30/23 10:35:51 AM --> INFO : Username karan324 has Successfully LoggedIn 
10/30/23 10:35:51 AM --> INFO : Username karan324 has Successfully LoggedIn 
10/30/23 10:35:51 AM --> INFO : Username karan324 has Successfully LoggedIn 
10/30/23 10:37:42 AM --> INFO : Username n has Successfully LoggedIn 
10/30/23 10:37:50 AM --> INFO : Username karan324 has Successfully LoggedIn 
10/30/23 10:37:50 AM --> INFO : Username karan324 has Successfully LoggedIn 
10/30/23 10:44:10 AM --> INFO : Username n has Successfully LoggedIn 
10/30/23 10:44:29 AM --> INFO : Username karan324 has Successfully LoggedIn 
10/30/23 10:44:29 AM --> INFO : Username karan324 has Successfully LoggedIn 
10/30/23 11:12:54 AM --> INFO : Username n has Successfully LoggedIn 
10/30/23 11:14:11 AM --> INFO : Username karan324 has Successfully LoggedIn 
10/30/23 11:14:11 AM --> INFO : Username karan324 has Successfully LoggedIn 
10/30/23 11:16:09 AM --> INFO : Username n has Successfully LoggedIn 
10/30/23 11:16:09 AM --> INFO : Username n has Successfully LoggedIn 
10/30/23 11:16:09 AM --> INFO : Username n has Successfully LoggedIn 
10/30/23 11:35:39 AM --> INFO : Username karan324 has Successfully LoggedIn 
10/30/23 11:36:17 AM --> INFO : Username n has Successfully LoggedIn 
10/30/23 11:36:17 AM --> INFO : Username n has Successfully LoggedIn 
10/30/23 02:02:08 PM --> INFO : Username n has Successfully LoggedIn 
10/30/23 02:10:50 PM --> INFO : n has Successfully LoggedIn 
10/30/23 02:18:25 PM --> INFO : n has Successfully LoggedIn 
10/30/23 02:22:43 PM --> INFO : n has Successfully LoggedIn 
10/30/23 02:22:43 PM --> INFO : n has Successfully LoggedIn 
10/30/23 02:31:24 PM --> ERROR : Error : Username q dont Exist!!!
10/30/23 02:31:34 PM --> INFO : n has Successfully LoggedIn 
10/30/23 02:31:34 PM --> INFO : n has Successfully LoggedIn 
10/30/23 02:31:34 PM --> INFO : n has Successfully LoggedIn 
10/30/23 02:38:31 PM --> INFO : karan324 has Successfully LoggedIn 
10/30/23 02:38:31 PM --> INFO : karan324 has Successfully LoggedIn 
10/30/23 02:38:31 PM --> INFO : karan324 has Successfully LoggedIn 
10/30/23 02:38:31 PM --> INFO : karan324 has Successfully LoggedIn 
10/30/23 02:42:45 PM --> INFO : n has Successfully LoggedIn 
10/30/23 02:42:55 PM --> INFO : karan324 has Successfully LoggedIn 
10/30/23 02:42:55 PM --> INFO : karan324 has Successfully LoggedIn 
10/30/23 03:32:22 PM --> INFO : n has Successfully LoggedIn 
10/30/23 03:32:22 PM --> INFO : n has Successfully LoggedIn 
10/30/23 03:32:22 PM --> INFO : n has Successfully LoggedIn 
10/30/23 03:39:54 PM --> INFO : n has Successfully LoggedIn 
10/30/23 03:39:54 PM --> INFO : n has Successfully LoggedIn 
10/30/23 03:39:54 PM --> INFO : n has Successfully LoggedIn 
10/30/23 03:39:54 PM --> INFO : n has Successfully LoggedIn 
10/30/23 03:40:07 PM --> INFO : karan324 has Successfully LoggedIn 
10/30/23 03:40:07 PM --> INFO : karan324 has Successfully LoggedIn 
10/30/23 03:40:07 PM --> INFO : karan324 has Successfully LoggedIn 
10/30/23 03:40:07 PM --> INFO : karan324 has Successfully LoggedIn 
10/30/23 03:40:07 PM --> INFO : karan324 has Successfully LoggedIn 
10/30/23 04:15:46 PM --> ERROR : Error : Username q dont Exist!!!
10/30/23 04:15:51 PM --> INFO : n has Successfully LoggedIn 
10/30/23 04:15:51 PM --> INFO : n has Successfully LoggedIn 
10/30/23 04:15:51 PM --> INFO : n has Successfully LoggedIn 
10/30/23 04:15:51 PM --> INFO : n has Successfully LoggedIn 
10/30/23 04:15:51 PM --> INFO : n has Successfully LoggedIn 
10/30/23 04:15:51 PM --> INFO : n has Successfully LoggedIn 
10/30/23 04:34:55 PM --> INFO : n has Successfully LoggedIn 
10/30/23 04:35:11 PM --> INFO : karan324 has Successfully LoggedIn 
10/30/23 04:35:11 PM --> INFO : karan324 has Successfully LoggedIn 
10/30/23 07:58:17 PM --> INFO : n has Successfully LoggedIn 
10/30/23 07:58:17 PM --> INFO : n has Successfully LoggedIn 
10/30/23 07:58:17 PM --> INFO : n has Successfully LoggedIn 
10/30/23 10:49:55 PM --> INFO : karan324 has Successfully LoggedIn 
10/31/23 12:15:16 AM --> INFO : n has Successfully LoggedIn 
10/31/23 12:34:53 AM --> INFO : n has Successfully LoggedIn 
10/31/23 12:38:16 AM --> INFO : karan324 has Successfully LoggedIn 
10/31/23 12:41:20 AM --> INFO : vatsal123 has Successfully LoggedIn 
10/31/23 12:41:20 AM --> INFO : vatsal123 has Successfully LoggedIn 
10/31/23 12:45:31 AM --> INFO : parth123 has [31mSuccessfully[0m LoggedIn 
10/31/23 12:48:36 AM --> INFO : vatsal123 has Successfully LoggedIn 
10/31/23 12:58:34 AM --> ERROR : Error : Username naman123 dont Exist!!!
10/31/23 12:58:39 AM --> ERROR : Error : Username Naman123 dont Exist!!!
10/31/23 12:58:39 AM --> ERROR : Error : Username Naman123 dont Exist!!!
10/31/23 12:58:40 AM --> ERROR : Error : Username Naman123 dont Exist!!!
10/31/23 12:58:40 AM --> ERROR : Error : Username Naman123 dont Exist!!!
10/31/23 12:58:40 AM --> ERROR : Error : Username Naman123 dont Exist!!!
10/31/23 12:58:48 AM --> ERROR : Error : Username Naman123 dont Exist!!!
10/31/23 12:58:48 AM --> ERROR : Error : Username Naman123 dont Exist!!!
10/31/23 12:58:48 AM --> ERROR : Error : Username Naman123 dont Exist!!!
10/31/23 12:58:48 AM --> ERROR : Error : Username Naman123 dont Exist!!!
10/31/23 01:00:53 AM --> INFO : naman123 has Successfully LoggedIn 
10/31/23 01:07:44 AM --> INFO : Naman123 has Successfully LoggedIn 
10/31/23 01:10:00 AM --> INFO : Naman123 has Successfully LoggedIn 
10/31/23 01:44:26 PM --> INFO : naman123 has Successfully LoggedIn 
10/31/23 01:52:14 PM --> INFO : naman123 has Successfully LoggedIn 
10/31/23 02:02:24 PM --> INFO : naman123 has Successfully LoggedIn 
10/31/23 02:02:33 PM --> INFO : naman123 has Successfully LoggedIn 
10/31/23 02:02:33 PM --> INFO : naman123 has Successfully LoggedIn 
10/31/23 03:19:27 PM --> INFO : naman123 has Successfully LoggedIn 
10/31/23 03:21:00 PM --> INFO : naman123 has Successfully LoggedIn 
10/31/23 03:33:44 PM --> INFO : denil123 has Successfully LoggedIn 
10/31/23 03:53:00 PM --> INFO : naman123 has Successfully LoggedIn 
10/31/23 08:21:28 PM --> INFO : naman123 has Successfully LoggedIn 
11/01/23 12:28:27 AM --> INFO : denil123 has Successfully LoggedIn 
11/01/23 02:17:21 PM --> INFO : Naman123 has Successfully LoggedIn 
11/01/23 03:17:37 PM --> INFO : denil123 has Successfully LoggedIn 
11/01/23 03:21:34 PM --> INFO : denil123 has Successfully LoggedIn 
11/01/23 03:46:37 PM --> INFO : denil123 has Successfully LoggedIn 
11/01/23 03:50:19 PM --> INFO : denil123 has Successfully LoggedIn 
11/01/23 06:49:19 PM --> INFO : karan324 has Successfully LoggedIn 
11/01/23 06:53:11 PM --> INFO : denil123 has Successfully LoggedIn 
11/01/23 06:59:31 PM --> INFO : naman123 has Successfully LoggedIn 
11/01/23 07:13:26 PM --> INFO : naman123 has Successfully LoggedIn 
11/01/23 07:39:21 PM --> INFO : denil123 has Successfully LoggedIn 
11/01/23 07:49:52 PM --> INFO : denil123 has Successfully LoggedIn 
11/01/23 07:53:03 PM --> INFO : naman123 has Successfully LoggedIn 
11/01/23 07:57:06 PM --> ERROR : Error : Username q dont Exist!!!
11/01/23 07:57:11 PM --> INFO : denil123 has Successfully LoggedIn 
11/01/23 07:58:32 PM --> INFO : denil123 has Successfully LoggedIn 
11/01/23 08:00:43 PM --> INFO : denil123 has Successfully LoggedIn 
11/01/23 08:00:43 PM --> INFO : denil123 has Successfully LoggedIn 
11/01/23 08:08:47 PM --> INFO : denil123 has Successfully LoggedIn 
11/01/23 08:14:56 PM --> INFO : denil123 has Successfully LoggedIn 
11/01/23 08:19:29 PM --> INFO : denil123 has Successfully LoggedIn 
11/01/23 08:19:29 PM --> INFO : denil123 has Successfully LoggedIn 
11/01/23 08:19:57 PM --> INFO : naman123 has Successfully LoggedIn 
11/01/23 08:19:57 PM --> INFO : naman123 has Successfully LoggedIn 
11/01/23 08:19:57 PM --> INFO : naman123 has Successfully LoggedIn 
11/01/23 08:29:45 PM --> INFO : naman123 has Successfully LoggedIn 
11/01/23 08:31:00 PM --> INFO : pinal123 has [31mSuccessfully[0m LoggedIn 
11/01/23 08:31:00 PM --> INFO : pinal123 has [31mSuccessfully[0m LoggedIn 
11/01/23 08:32:47 PM --> INFO : naman123 has Successfully LoggedIn 
11/01/23 08:32:47 PM --> INFO : naman123 has Successfully LoggedIn 
11/01/23 08:32:47 PM --> INFO : naman123 has Successfully LoggedIn 
11/01/23 10:45:05 PM --> INFO : n has Successfully LoggedIn 
11/01/23 10:45:05 PM --> INFO : n has Successfully LoggedIn 
11/01/23 10:45:05 PM --> INFO : n has Successfully LoggedIn 
11/01/23 10:45:05 PM --> INFO : n has Successfully LoggedIn 
11/01/23 10:46:15 PM --> INFO : n has Successfully LoggedIn 
11/01/23 10:54:27 PM --> INFO : naman123 has Successfully LoggedIn 
11/01/23 10:54:27 PM --> INFO : naman123 has Successfully LoggedIn 
11/01/23 11:45:51 PM --> INFO : Denil123 has Successfully LoggedIn 
11/01/23 11:45:51 PM --> INFO : Denil123 has Successfully LoggedIn 
11/01/23 11:45:51 PM --> INFO : Denil123 has Successfully LoggedIn 
11/01/23 11:47:29 PM --> INFO : denil123 has Successfully LoggedIn 
11/02/23 12:03:21 AM --> INFO : denil123 has Successfully LoggedIn 
11/02/23 12:05:17 AM --> INFO : n has Successfully LoggedIn 
11/02/23 12:05:17 AM --> INFO : n has Successfully LoggedIn 
11/02/23 12:22:39 AM --> INFO : denil123 has Successfully LoggedIn 
11/02/23 12:22:39 AM --> INFO : denil123 has Successfully LoggedIn 
11/02/23 12:22:39 AM --> INFO : denil123 has Successfully LoggedIn 
11/02/23 12:25:21 AM --> INFO : n has Successfully LoggedIn 
11/02/23 12:25:21 AM --> INFO : n has Successfully LoggedIn 
11/02/23 12:25:21 AM --> INFO : n has Successfully LoggedIn 
11/02/23 12:25:21 AM --> INFO : n has Successfully LoggedIn 
11/02/23 12:40:19 AM --> INFO : n has Successfully LoggedIn 
11/02/23 12:40:19 AM --> INFO : n has Successfully LoggedIn 
11/02/23 12:40:19 AM --> INFO : n has Successfully LoggedIn 
11/02/23 12:40:19 AM --> INFO : n has Successfully LoggedIn 
11/02/23 12:40:19 AM --> INFO : n has Successfully LoggedIn 
11/02/23 12:44:28 AM --> INFO : denil123 has Successfully LoggedIn 
11/02/23 12:44:28 AM --> INFO : denil123 has Successfully LoggedIn 
11/02/23 12:44:28 AM --> INFO : denil123 has Successfully LoggedIn 
11/02/23 12:44:28 AM --> INFO : denil123 has Successfully LoggedIn 
11/02/23 12:44:28 AM --> INFO : denil123 has Successfully LoggedIn 
11/02/23 12:44:28 AM --> INFO : denil123 has Successfully LoggedIn 
11/02/23 12:44:32 AM --> INFO : n has Successfully LoggedIn 
11/02/23 12:44:32 AM --> INFO : n has Successfully LoggedIn 
11/02/23 12:44:32 AM --> INFO : n has Successfully LoggedIn 
11/02/23 12:44:32 AM --> INFO : n has Successfully LoggedIn 
11/02/23 12:44:32 AM --> INFO : n has Successfully LoggedIn 
11/02/23 12:44:32 AM --> INFO : n has Successfully LoggedIn 
11/02/23 12:44:32 AM --> INFO : n has Successfully LoggedIn 
11/02/23 01:03:44 AM --> INFO : denil123 has Successfully LoggedIn 
11/02/23 01:03:50 AM --> ERROR : Error : Username n`n dont Exist!!!
11/02/23 01:03:52 AM --> INFO : n has Successfully LoggedIn 
11/02/23 01:03:52 AM --> INFO : n has Successfully LoggedIn 
11/02/23 01:05:09 AM --> INFO : denil123 has Successfully LoggedIn 
11/02/23 01:05:13 AM --> INFO : n has Successfully LoggedIn 
11/02/23 01:05:13 AM --> INFO : n has Successfully LoggedIn 
11/02/23 01:15:46 AM --> INFO : denil123 has Successfully LoggedIn 
11/02/23 01:15:50 AM --> INFO : n has Successfully LoggedIn 
11/02/23 01:15:50 AM --> INFO : n has Successfully LoggedIn 
11/02/23 01:24:36 AM --> INFO : karan324 has Successfully LoggedIn 
11/02/23 01:24:36 AM --> INFO : karan324 has Successfully LoggedIn 
11/02/23 01:24:36 AM --> INFO : karan324 has Successfully LoggedIn 
11/02/23 01:33:21 AM --> INFO : naman123 has Successfully LoggedIn 
11/02/23 01:36:53 AM --> INFO : n has Successfully LoggedIn 
11/02/23 01:36:53 AM --> INFO : n has Successfully LoggedIn 
11/02/23 08:31:58 AM --> ERROR : Error : Username sdsd dont Exist!!!
11/02/23 08:32:23 AM --> ERROR : Error : Username dadf dont Exist!!!
11/02/23 08:32:23 AM --> ERROR : Error : Username dadf dont Exist!!!
11/02/23 08:33:14 AM --> ERROR : Error : Username 2dd dont Exist!!!
11/02/23 08:33:14 AM --> ERROR : Error : Username 2dd dont Exist!!!
11/02/23 08:33:14 AM --> ERROR : Error : Username 2dd dont Exist!!!
11/02/23 08:33:45 AM --> ERROR : Error : Username dsa dont Exist!!!
11/02/23 08:33:45 AM --> ERROR : Error : Username dsa dont Exist!!!
11/02/23 08:33:45 AM --> ERROR : Error : Username dsa dont Exist!!!
11/02/23 08:33:45 AM --> ERROR : Error : Username dsa dont Exist!!!
11/02/23 08:33:50 AM --> INFO : naman123 has Successfully LoggedIn 
11/02/23 09:14:34 AM --> INFO : denil123 has Successfully LoggedIn 
11/02/23 09:19:34 AM --> INFO : h has Successfully LoggedIn 
11/02/23 09:20:56 AM --> INFO : denil123 has Successfully LoggedIn 
11/02/23 09:20:56 AM --> INFO : denil123 has Successfully LoggedIn 
11/02/23 09:21:47 AM --> INFO : naman123 has Successfully LoggedIn 
11/02/23 09:21:47 AM --> INFO : naman123 has Successfully LoggedIn 
11/02/23 09:21:47 AM --> INFO : naman123 has Successfully LoggedIn 
11/02/23 09:24:41 AM --> INFO : denil123 has Successfully LoggedIn 
11/02/23 09:24:41 AM --> INFO : denil123 has Successfully LoggedIn 
11/02/23 09:24:41 AM --> INFO : denil123 has Successfully LoggedIn 
11/02/23 09:24:41 AM --> INFO : denil123 has Successfully LoggedIn 
11/02/23 09:55:58 AM --> INFO : h has Successfully LoggedIn 
11/02/23 09:55:58 AM --> INFO : h has Successfully LoggedIn 
11/02/23 09:55:58 AM --> INFO : h has Successfully LoggedIn 
11/02/23 09:55:58 AM --> INFO : h has Successfully LoggedIn 
11/02/23 09:55:58 AM --> INFO : h has Successfully LoggedIn 
11/02/23 10:01:24 AM --> INFO : naman123 has Successfully LoggedIn 
11/02/23 10:02:29 AM --> INFO : karan324 has Successfully LoggedIn 
11/02/23 10:02:29 AM --> INFO : karan324 has Successfully LoggedIn 
11/02/23 10:03:37 AM --> INFO : denil123 has Successfully LoggedIn 
11/02/23 10:03:37 AM --> INFO : denil123 has Successfully LoggedIn 
11/02/23 10:03:37 AM --> INFO : denil123 has Successfully LoggedIn 
11/02/23 10:10:08 AM --> INFO : naman123 has Successfully LoggedIn 
11/02/23 10:10:08 AM --> INFO : naman123 has Successfully LoggedIn 
11/02/23 10:10:08 AM --> INFO : naman123 has Successfully LoggedIn 
11/02/23 10:10:08 AM --> INFO : naman123 has Successfully LoggedIn 
11/02/23 10:10:41 AM --> INFO : karan324 has Successfully LoggedIn 
11/02/23 10:10:41 AM --> INFO : karan324 has Successfully LoggedIn 
11/02/23 10:10:41 AM --> INFO : karan324 has Successfully LoggedIn 
11/02/23 10:10:41 AM --> INFO : karan324 has Successfully LoggedIn 
11/02/23 10:10:41 AM --> INFO : karan324 has Successfully LoggedIn 
