10/30/23 10:49:40 PM --> INFO : n has Logged Out Successfully
10/30/23 10:49:58 PM --> INFO : karan324 has Logged Out Successfully
10/30/23 10:49:58 PM --> INFO : karan324 has Logged Out Successfully
10/31/23 12:34:49 AM --> INFO : n has Logged Out Successfully
10/31/23 12:38:07 AM --> INFO : n has Logged Out Successfully
10/31/23 12:44:24 AM --> INFO : vatsal123 has Logged Out Successfully
10/31/23 12:48:30 AM --> INFO : Parth123 has Logged Out Successfully
10/31/23 12:56:23 AM --> INFO : vatsal123 has Logged Out Successfully
10/31/23 01:06:50 AM --> INFO : Naman123 has Logged Out Successfully
10/31/23 01:09:54 AM --> INFO : Naman123 has Logged Out Successfully
10/31/23 01:52:06 PM --> INFO : Naman123 has Logged Out Successfully
10/31/23 02:02:27 PM --> INFO : Naman123 has Logged Out Successfully
10/31/23 03:20:49 PM --> INFO : Naman123 has Logged Out Successfully
10/31/23 03:31:49 PM --> INFO : Naman123 has Logged Out Successfully
11/01/23 12:28:17 AM --> INFO : Naman123 has Logged Out Successfully
11/01/23 02:17:15 PM --> INFO : denil123 has Logged Out Successfully
11/01/23 03:17:32 PM --> INFO : Naman123 has Logged Out Successfully
11/01/23 03:21:28 PM --> INFO : denil123 has Logged Out Successfully
11/01/23 03:46:32 PM --> INFO : denil123 has Logged Out Successfully
11/01/23 06:53:05 PM --> INFO : karan324 has Logged Out Successfully
11/01/23 06:59:23 PM --> INFO : denil123 has Logged Out Successfully
11/01/23 07:39:13 PM --> INFO : Naman123 has Logged Out Successfully
11/01/23 07:49:32 PM --> INFO : denil123 has Logged Out Successfully
11/01/23 07:56:26 PM --> INFO : Naman123 has Logged Out Successfully
11/01/23 07:58:25 PM --> INFO : denil123 has Logged Out Successfully
11/01/23 08:00:38 PM --> INFO : denil123 has Logged Out Successfully
11/01/23 08:00:38 PM --> INFO : denil123 has Logged Out Successfully
11/01/23 08:08:38 PM --> INFO : denil123 has Logged Out Successfully
11/01/23 08:17:45 PM --> INFO : denil123 has Logged Out Successfully
11/01/23 08:19:51 PM --> INFO : denil123 has Logged Out Successfully
11/01/23 08:19:51 PM --> INFO : denil123 has Logged Out Successfully
11/01/23 08:30:56 PM --> INFO : Naman123 has Logged Out Successfully
11/01/23 08:32:42 PM --> INFO : pinal123 has Logged Out Successfully
11/01/23 08:32:42 PM --> INFO : pinal123 has Logged Out Successfully
11/01/23 08:45:03 PM --> INFO : Naman123 has Logged Out Successfully
11/01/23 08:45:03 PM --> INFO : Naman123 has Logged Out Successfully
11/01/23 08:45:03 PM --> INFO : Naman123 has Logged Out Successfully
11/01/23 10:46:11 PM --> INFO : n has Logged Out Successfully
11/01/23 10:51:49 PM --> INFO : n has Logged Out Successfully
11/01/23 10:51:49 PM --> INFO : n has Logged Out Successfully
11/01/23 11:45:47 PM --> INFO : Naman123 has Logged Out Successfully
11/01/23 11:45:47 PM --> INFO : Naman123 has Logged Out Successfully
11/01/23 11:45:47 PM --> INFO : Naman123 has Logged Out Successfully
11/01/23 11:46:54 PM --> INFO : denil123 has Logged Out Successfully
11/01/23 11:46:54 PM --> INFO : denil123 has Logged Out Successfully
11/01/23 11:46:54 PM --> INFO : denil123 has Logged Out Successfully
11/01/23 11:46:54 PM --> INFO : denil123 has Logged Out Successfully
11/02/23 12:22:34 AM --> INFO : n has Logged Out Successfully
11/02/23 12:25:16 AM --> INFO : denil123 has Logged Out Successfully
11/02/23 12:25:16 AM --> INFO : denil123 has Logged Out Successfully
11/02/23 12:40:15 AM --> INFO : denil123 has Logged Out Successfully
11/02/23 12:40:15 AM --> INFO : denil123 has Logged Out Successfully
11/02/23 12:40:15 AM --> INFO : denil123 has Logged Out Successfully
11/02/23 12:43:59 AM --> INFO : n has Logged Out Successfully
11/02/23 12:43:59 AM --> INFO : n has Logged Out Successfully
11/02/23 12:43:59 AM --> INFO : n has Logged Out Successfully
11/02/23 12:43:59 AM --> INFO : n has Logged Out Successfully
11/02/23 01:03:37 AM --> INFO : n has Logged Out Successfully
11/02/23 01:03:38 AM --> INFO : denil123 has Logged Out Successfully
11/02/23 01:03:38 AM --> INFO : denil123 has Logged Out Successfully
11/02/23 01:05:03 AM --> INFO : denil123 has Logged Out Successfully
11/02/23 01:15:33 AM --> INFO : denil123 has Logged Out Successfully
11/02/23 01:15:33 AM --> INFO : denil123 has Logged Out Successfully
11/02/23 01:15:34 AM --> INFO : n has Logged Out Successfully
11/02/23 01:15:34 AM --> INFO : n has Logged Out Successfully
11/02/23 01:15:34 AM --> INFO : n has Logged Out Successfully
11/02/23 01:27:18 AM --> INFO : n has Logged Out Successfully
11/02/23 09:20:48 AM --> INFO : h has Logged Out Successfully
11/02/23 09:21:42 AM --> INFO : denil123 has Logged Out Successfully
11/02/23 09:21:42 AM --> INFO : denil123 has Logged Out Successfully
11/02/23 09:23:18 AM --> INFO : Naman123 has Logged Out Successfully
11/02/23 09:23:18 AM --> INFO : Naman123 has Logged Out Successfully
11/02/23 09:23:18 AM --> INFO : Naman123 has Logged Out Successfully
11/02/23 09:54:29 AM --> INFO : denil123 has Logged Out Successfully
11/02/23 09:54:29 AM --> INFO : denil123 has Logged Out Successfully
11/02/23 09:54:29 AM --> INFO : denil123 has Logged Out Successfully
11/02/23 09:54:29 AM --> INFO : denil123 has Logged Out Successfully
11/02/23 09:56:00 AM --> INFO : h has Logged Out Successfully
11/02/23 09:56:00 AM --> INFO : h has Logged Out Successfully
11/02/23 09:56:00 AM --> INFO : h has Logged Out Successfully
11/02/23 09:56:00 AM --> INFO : h has Logged Out Successfully
11/02/23 09:56:00 AM --> INFO : h has Logged Out Successfully
11/02/23 10:02:22 AM --> INFO : Naman123 has Logged Out Successfully
11/02/23 10:03:31 AM --> INFO : karan324 has Logged Out Successfully
11/02/23 10:03:31 AM --> INFO : karan324 has Logged Out Successfully
11/02/23 10:10:03 AM --> INFO : denil123 has Logged Out Successfully
11/02/23 10:10:03 AM --> INFO : denil123 has Logged Out Successfully
11/02/23 10:10:03 AM --> INFO : denil123 has Logged Out Successfully
